<?xml version="1.0" encoding="UTF-8"?>
<!-- Generated by org.testng.reporters.JUnitReportReporter -->
<testsuite hostname="DESKTOP-LA112K0" failures="0" tests="2" name="Testngscript.fGroup2" time="0.014" errors="0" timestamp="2024-03-05T20:16:34 IST" skipped="0">
  <testcase classname="Testngscript.fGroup2" name="test1" time="0.003"/>
  <testcase classname="Testngscript.fGroup2" name="test" time="0.011"/>
</testsuite> <!-- Testngscript.fGroup2 -->
