<?xml version="1.0" encoding="UTF-8"?>
<!-- Generated by org.testng.reporters.JUnitReportReporter -->
<testsuite hostname="DESKTOP-LA112K0" failures="0" tests="2" name="Testngscript.fGroup1" time="0.024" errors="0" timestamp="2024-03-05T20:10:32 IST" skipped="0">
  <testcase classname="Testngscript.fGroup1" name="test" time="0.012"/>
  <testcase classname="Testngscript.fGroup1" name="test1" time="0.012"/>
</testsuite> <!-- Testngscript.fGroup1 -->
