<?xml version="1.0" encoding="UTF-8"?>
<!-- Generated by org.testng.reporters.JUnitReportReporter -->
<testsuite hostname="DESKTOP-LA112K0" failures="0" tests="2" name="Testngscript.Group1" time="0.015" errors="0" timestamp="2024-03-05T10:20:41 IST" skipped="0">
  <testcase classname="Testngscript.Group1" name="test1" time="0.012"/>
  <testcase classname="Testngscript.Group1" name="test3" time="0.003"/>
</testsuite> <!-- Testngscript.Group1 -->
