<?xml version="1.0" encoding="UTF-8"?>
<!-- Generated by org.testng.reporters.JUnitReportReporter -->
<testsuite hostname="DESKTOP-LA112K0" failures="0" tests="1" name="Runnerscript.runner1" time="18.878" errors="0" timestamp="2024-03-09T15:13:19 IST" skipped="0">
  <testcase classname="Runnerscript.runner1" name="login" time="18.878"/>
</testsuite> <!-- Runnerscript.runner1 -->
