<?xml version="1.0" encoding="UTF-8"?>
<!-- Generated by org.testng.reporters.JUnitReportReporter -->
<testsuite hostname="DESKTOP-LA112K0" failures="0" tests="1" name="Testngscript.ExtentReport" time="0.932" errors="0" timestamp="2024-03-01T10:54:40 IST" skipped="0">
  <testcase classname="Testngscript.ExtentReport" name="report" time="0.932"/>
</testsuite> <!-- Testngscript.ExtentReport -->
