<?xml version="1.0" encoding="UTF-8"?>
<!-- Generated by org.testng.reporters.JUnitReportReporter -->
<testsuite hostname="DESKTOP-LA112K0" failures="0" tests="1" name="Testngscript.LogReport" time="0.155" errors="0" timestamp="2024-03-01T11:10:12 IST" skipped="0">
  <testcase classname="Testngscript.LogReport" name="report1" time="0.155"/>
</testsuite> <!-- Testngscript.LogReport -->
