<?xml version="1.0" encoding="UTF-8"?>
<!-- Generated by org.testng.reporters.JUnitReportReporter -->
<testsuite hostname="DESKTOP-LA112K0" failures="0" tests="2" name="Runnerscript.runnerclass" time="40.235" errors="0" timestamp="2024-03-09T15:03:20 IST" skipped="0">
  <testcase classname="Runnerscript.runnerclass" name="login" time="18.827"/>
  <testcase classname="Runnerscript.runnerclass" name="login" time="21.408"/>
</testsuite> <!-- Runnerscript.runnerclass -->
