<?xml version="1.0" encoding="UTF-8"?>
<!-- Generated by org.testng.reporters.JUnitReportReporter -->
<testsuite hostname="DESKTOP-LA112K0" failures="0" tests="3" name="Testngscript.DataProviderRunner" time="0.016" errors="0" timestamp="2024-03-05T10:28:23 IST" skipped="0">
  <testcase classname="Testngscript.DataProviderRunner" name="loginTest" time="0.002"/>
  <testcase classname="Testngscript.DataProviderRunner" name="loginTest" time="0.004"/>
  <testcase classname="Testngscript.DataProviderRunner" name="loginTest" time="0.010"/>
</testsuite> <!-- Testngscript.DataProviderRunner -->
