<?xml version="1.0" encoding="UTF-8"?>
<!-- Generated by org.testng.reporters.JUnitReportReporter -->
<testsuite hostname="DESKTOP-LA112K0" failures="0" tests="1" name="Testngscript.properties1" time="0.019" errors="0" timestamp="2024-03-04T13:52:49 IST" skipped="0">
  <testcase classname="Testngscript.properties1" name="fetchprop" time="0.019"/>
</testsuite> <!-- Testngscript.properties1 -->
